{"name": "test_login", "status": "broken", "statusDetails": {"message": "TypeError: unsupported operand type(s) for +: 'int' and 'str'", "trace": "self = <test_login_i.TestLogin object at 0x10c57abe0>\n\n    def test_login(self):\n        try:\n            driver = self.driver\n            driver.get(utils.URL)\n            login = LoginPage(driver)\n            login.enter_username(utils.USERNAME)\n            login.enter_password(utils.PASSWORD)\n            login.click_login()\n            time.sleep(4)\n            home_page = driver.title\n>           assert home_page == \"Course Materials | Pearson1\"\nE           AssertionError: assert 'Course Materials | Pearson' == 'Course Materials | Pearson1'\nE             - Course Materials | Pearson\nE             + Course Materials | Pearson1\nE             ?                           +\n\nTests/Instructor/test_login_i.py:34: AssertionError\n\nDuring handling of the above exception, another exception occurred:\n\nself = <test_login_i.TestLogin object at 0x10c57abe0>\n\n    def test_login(self):\n        try:\n            driver = self.driver\n            driver.get(utils.URL)\n            login = LoginPage(driver)\n            login.enter_username(utils.USERNAME)\n            login.enter_password(utils.PASSWORD)\n            login.click_login()\n            time.sleep(4)\n            home_page = driver.title\n            assert home_page == \"Course Materials | Pearson1\"\n    \n        except AssertionError as error:\n            print(\"Assertion error occurred\")\n            print(error)\n            curr_time = moment.now().strftime(\"%m-%d-%Y_%H-%M-%S_\")\n            test_name = utils.whoami()\n>           screenshot_name = test_name + \"_\" + str(curr_time)\nE           TypeError: unsupported operand type(s) for +: 'int' and 'str'\n\nTests/Instructor/test_login_i.py:41: TypeError"}, "attachments": [{"name": "stdout", "source": "6895ab83-58e4-4c50-8475-c037861b5eda-attachment.txt", "type": "text/plain"}], "start": 1580150419310, "stop": 1580150427097, "uuid": "319acf11-562e-4d7f-8158-e22448a5e1c9", "historyId": "c31cf62fa6afeb23e503055889de484c", "testCaseId": "d3caa846cd5ed721ded9a3a35783b148", "fullName": "Tests.Instructor.test_login_i.TestLogin#test_login", "labels": [{"name": "parentSuite", "value": "Tests.Instructor"}, {"name": "suite", "value": "test_login_i"}, {"name": "subSuite", "value": "TestLogin"}, {"name": "host", "value": "SNFCAML-X0FJG3Q"}, {"name": "thread", "value": "40797-MainThread"}, {"name": "framework", "value": "pytest"}, {"name": "language", "value": "cpython3"}, {"name": "package", "value": "Tests.Instructor.test_login_i"}]}