{"name": "test_login", "status": "failed", "statusDetails": {"message": "AssertionError: assert 'rio_ins_qa_demo_02' == 'rio_ins_qa_demo_01'\n  - rio_ins_qa_demo_02\n  ?                  ^\n  + rio_ins_qa_demo_01\n  ?                  ^", "trace": "self = <test_login_i.TestLogin object at 0x10a281a30>\n\n    def test_login(self):\n        driver = self.driver\n        driver.get(utils.URL)\n        login = LoginPage(driver)\n        login.enter_username(utils.USERNAME)\n        login.enter_password(utils.PASSWORD)\n        login.click_login()\n        home_page = HomePage(driver)\n        home_page.click_menu_instructor()\n        home_page.click_account_settings()\n        user_name_displayed = driver.find_element_by_id(\"displayedUsername\").text\n>       assert user_name_displayed == \"rio_ins_qa_demo_01\"\nE       AssertionError: assert 'rio_ins_qa_demo_02' == 'rio_ins_qa_demo_01'\nE         - rio_ins_qa_demo_02\nE         ?                  ^\nE         + rio_ins_qa_demo_01\nE         ?                  ^\n\nTests/Instructor/test_login_i.py:32: AssertionError"}, "start": 1580144579772, "stop": 1580144586894, "uuid": "cb7973fd-0cb6-45f6-841d-4a5cf8e107a8", "historyId": "c31cf62fa6afeb23e503055889de484c", "testCaseId": "d3caa846cd5ed721ded9a3a35783b148", "fullName": "Tests.Instructor.test_login_i.TestLogin#test_login", "labels": [{"name": "parentSuite", "value": "Tests.Instructor"}, {"name": "suite", "value": "test_login_i"}, {"name": "subSuite", "value": "TestLogin"}, {"name": "host", "value": "SNFCAML-X0FJG3Q"}, {"name": "thread", "value": "35540-MainThread"}, {"name": "framework", "value": "pytest"}, {"name": "language", "value": "cpython3"}, {"name": "package", "value": "Tests.Instructor.test_login_i"}]}