{"name": "test_login", "status": "broken", "statusDetails": {"message": "TypeError: 'int' object is not subscriptable", "trace": "self = <test_login_i.TestLogin object at 0x10a356160>\n\n    def test_login(self):\n        try:\n            driver = self.driver\n            driver.get(utils.URL)\n            login = LoginPage(driver)\n            login.enter_username(utils.USERNAME)\n            login.enter_password(utils.PASSWORD)\n            login.click_login()\n            time.sleep(4)\n            home_page = driver.title\n>           assert home_page == \"Course Materials | Pearson1\"\nE           AssertionError: assert 'Course Materials | Pearson' == 'Course Materials | Pearson1'\nE             - Course Materials | Pearson\nE             + Course Materials | Pearson1\nE             ?                           +\n\nTests/Instructor/test_login_i.py:34: AssertionError\n\nDuring handling of the above exception, another exception occurred:\n\nself = <test_login_i.TestLogin object at 0x10a356160>\n\n    def test_login(self):\n        try:\n            driver = self.driver\n            driver.get(utils.URL)\n            login = LoginPage(driver)\n            login.enter_username(utils.USERNAME)\n            login.enter_password(utils.PASSWORD)\n            login.click_login()\n            time.sleep(4)\n            home_page = driver.title\n            assert home_page == \"Course Materials | Pearson1\"\n    \n        except AssertionError as error:\n            print(\"Assertion error occurred\")\n            print(error)\n            curr_time = moment.now().strftime(\"_%m-%d-%Y_%H-%M-%S\")\n>           test_name = utils.whoami()\n\nTests/Instructor/test_login_i.py:40: \n_ _ _ _ _ _ _ _ _ _ _ _ _ _ _ _ _ _ _ _ _ _ _ _ _ _ _ _ _ _ _ _ _ _ _ _ _ _ _ _ _ _ _ _ _ _ _ _ _ _ _ _ _ _ _ _ _ _ _ _ _ _ _ _ _ _ _ _ _ _ _ _ _ _ _ _ _ _ _ _ _ _ _ _ _ _ _ _ _ _ _ _ _ _ _ _ _ \n\n    def whoami():\n>       return inspect.stack()[1][2][3]\nE       TypeError: 'int' object is not subscriptable\n\nUtils/utils.py:10: TypeError"}, "attachments": [{"name": "stdout", "source": "e1fb383a-b993-4cee-9954-3b5752554ca7-attachment.txt", "type": "text/plain"}], "start": 1580152008673, "stop": 1580152017433, "uuid": "b7ad1017-b468-45f9-881d-dbd71f20f370", "historyId": "c31cf62fa6afeb23e503055889de484c", "testCaseId": "d3caa846cd5ed721ded9a3a35783b148", "fullName": "Tests.Instructor.test_login_i.TestLogin#test_login", "labels": [{"name": "parentSuite", "value": "Tests.Instructor"}, {"name": "suite", "value": "test_login_i"}, {"name": "subSuite", "value": "TestLogin"}, {"name": "host", "value": "SNFCAML-X0FJG3Q"}, {"name": "thread", "value": "42656-MainThread"}, {"name": "framework", "value": "pytest"}, {"name": "language", "value": "cpython3"}, {"name": "package", "value": "Tests.Instructor.test_login_i"}]}